151
1
1
1
1
1
1
1
1
1
1
5
1
1
1
1
1
1
1
1
1
1
1
1
1
1
1
1
1
1
1
1
1
1
1
1
1
1
1
1
1
1
1
1
1
1
1
1
1
5
1
1
1
1
1
1
1
1
1
1
28
1
1
1
1
1
1
1
1
1
1
1
1
1
1
1
1
1
1
1
1
1
1
1
1
1
1
146
1
146
1
1
7
1
1
1
1
1
1
1
1
1
1
1
1
1
1
1
1
1
1
22
1
149
1
1
20
1
1
1
1
1
1
1
22
1
1
1
1
1
1
1
1
1
1
130
1
1
151
1
1
1
1
1
1
1
1
1
1
1
1
1
1
1
1
1
1
1
1
1
1
1
149
1
1
5
1
1
139
1
1
1
1
1
1
1
1
1
1
2
1
1
1
151
1
21
1
131
1
1
1
1
1
1
1
1
1
1
1
1
1
1
1
2
1
1
1
1
1
1
1
1
1
1
1
1
1
1
1
33
1
1
1
1
1
1
1
1
1
1
1
4
1
1
1
130
1
1
1
1
1
1
1
1
1
1
1
1
1
1
1
1
32
130
1
1
1
1
1
2
1
149
1
1
1
1
1
1
1
1
1
1
1
1
1
1
1
130
1
3
1
1
1
1
1
1
1
1
1
1
1
1
5
1
1
1
1
1
1
1
1
1
1
1
5
1
1
1
1
1
1
1
1
1
1
1
1
1
1
1
1
1
1
1
1
1
1
1
1
1
1
1
1
1
1
1
1
1
1
1
1
1
1
1
1
1
1
1
1
1
1
1
1
1
1
1
1
1
1
1
1
1
1
1
1
1
1
1
29
1
1
1
1
1
1
1
1
3
1
1
1
1
1
1
1
1
1
1
1
1
1
1
1
1
1
1
1
1
1
1
1
1
1
1
1
1
1
1
1
1
1
1
1
1
1
1
4
1
1
1
1
1
1
1
1
1
1
149
1
131
1
1
1
1
1
1
1
1
1
1
1
1
1
5
1
1
1
1
1
139
1
1
1
1
1
1
1
1
1
1
1
1
1
1
1
1
1
1
1
1
1
1
5
1
1
1
1
1
1
1
1
1
1
5
1
1
1
1
1
1
1
1
1
2
6
1
1
1
1
1
1
1
1
1
1
1
1
1
1
1
1
1
1
1
1
1
1
1
1
1
1
1
1
1
1
1
1
1
146
1
1
4
1
1
1
1
1
1
1
1
1
1
1
1
1
1
1
1
1
1
1
130
139
1
26
1
1
1
1
1
1
6
1
1
1
1
1
1
1
1
1
1
1
1
131
1
1
1
1
1
1
1
1
1
1
1
1
1
1
1
1
1
1
1
1
1
1
1
1
1
1
1
1
1
1
1
1
1
1
1
1
20
1
1
1
1
1
1
1
1
1
6
1
1
1
1
1
1
1
1
1
1
1
1
1
1
1
1
1
1
1
1
1
1
1
1
1
1
1
1
1
1
1
1
1
1
1
1
1
1
1
1
1
1
1
1
1
1
1
1
1
32
1
1
26
1
1
1
1
1
1
1
1
1
1
2
1
1
1
1
1
1
1
28
1
5
1
1
1
1
1
1
1
1
24
1
1
1
5
1
1
1
1
1
1
1
1
151
1
1
1
1
1
1
1
5
1
1
1
1
1
25
1
1
1
1
1
1
1
1
1
1
1
1
1
1
5
1
1
1
1
1
1
1
1
1
1
1
1
20
149
1
1
1
1
1
1
1
151
1
1
1
1
1
2
1
1
1
1
1
1
1
1
1
1
1
1
1
1
1
25
1
1
1
1
1
1
1
1
1
1
1
1
1
1
1
1
1
1
1
1
1
1
1
1
1
1
1
1
1
1
1
1
28
