1
1
1
1
1
1
1
1
1
1
1
1
1
1
1
1
1
1
1
1
1
1
1
1
1
1
1
1
167
1
1
1
1
1
1
1
1
1
1
1
1
3
1
1
1
1
1
1
1
1
2
1
1
1
1
1
1
35
1
1
1
1
1
1
2
1
1
1
1
1
1
1
1
1
1
1
1
1
167
1
24
1
163
159
1
1
1
1
1
1
1
8
1
1
1
1
1
1
1
1
1
1
1
1
1
146
164
1
1
1
1
1
1
1
1
1
1
1
1
1
1
1
1
1
1
1
159
1
1
1
1
1
1
1
1
1
1
1
6
1
1
1
1
1
1
1
1
1
1
1
146
1
2
1
1
1
1
1
2
1
1
1
1
2
1
1
1
1
26
146
1
1
1
1
1
1
1
1
1
1
1
1
1
1
1
1
1
1
1
1
1
1
1
1
1
1
1
1
1
1
1
1
1
1
1
1
1
1
1
1
1
1
1
1
1
2
1
1
1
1
1
1
1
1
1
1
1
1
1
1
1
1
1
1
1
1
163
1
1
1
1
1
1
1
1
1
1
1
1
1
1
8
1
1
1
1
1
1
1
1
1
1
1
1
1
1
24
1
1
1
1
1
1
163
1
1
1
1
1
1
1
1
1
1
1
1
1
1
1
1
1
1
1
1
1
1
1
1
1
1
1
1
1
1
1
1
1
1
1
1
1
1
1
1
1
1
1
1
6
1
1
1
1
1
1
1
1
31
1
1
1
1
1
1
1
4
1
1
9
1
1
1
1
1
1
1
1
1
1
1
1
1
1
1
1
1
1
1
1
1
1
1
1
1
1
1
1
1
1
1
1
1
168
1
1
1
1
1
1
1
1
1
1
1
167
1
1
1
1
1
1
1
1
1
1
1
1
1
1
1
1
1
6
22
1
1
1
1
1
1
1
1
1
1
1
1
2
1
1
1
1
1
1
1
1
1
1
1
1
1
1
1
1
1
1
1
1
1
1
1
1
1
1
1
1
1
164
1
1
1
3
1
1
1
1
1
1
1
1
1
3
5
1
1
28
1
1
1
1
1
1
1
1
1
1
1
1
1
1
1
1
1
1
1
1
1
1
1
1
1
1
1
1
1
1
34
1
1
1
1
3
1
1
1
29
6
1
1
1
1
1
1
1
1
1
1
1
1
1
1
1
1
1
1
1
1
1
1
1
1
1
1
1
1
1
1
1
1
1
1
1
1
1
159
1
1
1
1
1
1
1
1
1
1
1
1
1
1
1
1
1
1
18
29
1
1
1
1
1
1
1
1
1
1
1
1
1
1
1
1
1
1
1
1
1
1
1
1
163
1
1
1
1
1
1
1
1
1
1
4
1
1
1
1
4
1
1
1
1
1
1
1
1
1
1
1
168
1
1
1
1
1
3
1
1
1
1
1
1
1
1
1
1
1
30
1
1
1
1
1
2
1
1
1
1
1
1
1
1
1
1
1
1
1
1
6
1
1
1
24
1
1
1
1
1
1
1
1
1
1
159
1
1
1
1
1
1
163
1
1
1
1
1
1
31
1
1
1
1
1
1
1
1
1
1
1
1
1
1
1
1
1
1
1
1
1
1
1
1
1
1
1
1
163
1
1
1
1
1
1
1
1
1
168
1
1
1
1
1
1
1
1
2
1
1
1
1
1
1
1
1
1
1
1
1
1
164
1
1
1
1
1
1
1
1
1
1
1
1
1
1
1
1
1
1
1
159
1
1
1
1
1
1
1
1
1
1
1
1
1
1
1
1
1
1
1
1
1
1
1
1
1
1
1
1
1
1
1
1
1
1
1
1
1
1
1
1
1
1
1
1
1
1
1
1
1
1
2
1
1
1
1
1
1
1
1
1
1
1
1
1
1
1
1
1
1
1
6
1
1
1
1
1
1
1
1
1
1
159
1
1
1
1
1
1
1
4
1
1
168
1
1
1
1
1
1
1
33
1
1
1
1
1
1
1
1
1
1
1
1
1
1
1
1
1
1
1
1
5
1
1
1
1
1
1
1
1
1
1
1
1
1
4
1
1
1
1
1
1
1
1
1
1
1
1
1
1
1
1
1
1
27
1
1
1
1
1
1
4
2
1
1
1
1
1
1
1
1
1
1
1
1
1
1
1
1
1
3
1
1
1
1
1
1
1
1
1
1
1
1
1
1
1
1
1
1
1
1
1
1
1
1
1
1
1
1
1
1
1
1
1
1
1
1
1
5
1
1
1
1
