zmyuwqjncjyvwc: -1
cpwvrvxfi: -1
dqwr: -1
fmwdeoykcbicjubaia: -1
mcbonfelzdt: 891
pnkdduykc: -1
ps: -1
qltpxvx: -1
fbmvnqoozsdztbhubj: -1
niybffviipm: -1
hwpvudbrniisiyxoyra: -1
gpqnulhvktx: -1
spteapf: -1
kylrb: -1
hlfaswkbvnv: -1
goy: -1
ugbblgxzgpiedn: -1
mwo: -1
tknvdyntrzhmmldkcuxk: -1
udx: -1
jnonivq: 766
gmldryncrd: -1
qqvtayvjcgqavea: -1
xjbdamcdacu: -1
w: -1
mtzdgvfbpwdfm: -1
fsgjumojgamotl: -1
leyijn: -1
dhnqzmgdjuuniuzqbw: -1
ltciogukmwdujcnwgl: -1
yuhpcdtsc: -1
jlwndgufixbgiumotppg: -1
wtsasmuvdiltfkhmv: -1
vcdgyiuvcvnvbzon: -1
dzbbfpeuvzdni: -1
ewvpoirgzmjevfn: -1
yapdpifhlmjajhtimp: -1
nidtzjuvoop: -1
ujuyphanrgfrjp: -1
mklbvmvvi: -1
nwmrowggqhwcjzb: -1
jyvmjo: -1
xzsanmlbjiixzfwyyowd: -1
om: -1
exhxyczmyprazxooctg: -1
deb: -1
wibymthhfbxqjd: -1
uqnvkfemwa: -1
kunwntlhxiqiym: -1
zihgsxnxfnqvdlo: 329
khkgthd: -1
ojf: -1
xl: -1
awsytkurtnqcv: -1
ozszi: -1
gotgqttsaaqclpcxmchp: -1
csug: -1
aare: -1
iqsryezuxkbjbxccsndc: -1
fr: -1
reqsplbafcdkwnuckvk: -1
avboiwythrxdtt: -1
gsbbthwazcothzhfvkwy: -1
kmfovfapvhomsi: -1
enfmzrxzzebbbew: -1
oqonqnwbq: -1
kqzgnxqlzntqsghjhvq: -1
tzede: -1
mzezryi: -1
rhanpvc: -1
hvbdblhvwbjjb: -1
ytqpdulebcqwifntshsh: -1
ovxwu: -1
wobgwozwirrp: -1
csprt: -1
kddzpkoi: -1
bxhhkhqydu: 625
oifsoqoyg: -1
ongyxze: -1
osohr: -1
smvnjgfkzdw: -1
rskionzooqrgrnkyc: -1
vjbvrvzffdxcbwrtxx: -1
qndcchmqy: -1
yabhywb: -1
gewxoyn: -1
tqqggikuh: -1
srdtgecnds: -1
