lpbuye: 3200
idxcor: -1
weszhmblwhhldnancgig: -1
yjonlzotglgtb: 2808
ccboabtjzrkfezvyp: 1907
qsuagdfaznusghvnu: -1
dwjafp: -1
ungppqcxxxqxx: -1
nagpgwnolyotczcbztw: -1
pytrb: -1
nemfvnwr: -1
olsnftjpmlzaistnln: -1
cuevfprjpja: -1
ztlvuqcayw: -1
ehvrfejda: -1
jt: 548
lnanuilljsupvjzbs: -1
gsczigoyqmpnu: -1
zhmdgfcumoopi: -1
yzksmin: -1
bnkyikrn: -1
kjtzb: -1
eecfzgiecvuzhzq: -1
cyjda: -1
jihqwlvmncxr: 2463
mygpp: -1
lzbkrl: -1
nqliushrucz: 1007
gm: -1
xhtxgfdyispiuecmke: -1
fxmoeyhhqchvgyvta: -1
cuyqdmgnydu: -1
lxiwxyphrwegjlb: -1
bwqmim: -1
wlupl: 2379
usxjhhdwnbd: -1
oeidrehwbipeuuwdqmp: -1
fbwdivn: -1
nfamyzjm: -1
p: -1
lxuipubziydgiymhk: -1
odfdzrotydpitehcuiex: -1
stculnefcpvrlwsgoagx: -1
uopngrzksnsyyv: 662
