nsvbpqqfrodzs: -1
njxxrwqmkmzipoqirwdo: -1
onotabyowjodwrvbb: -1
ylse: -1
gzaluwhpdffwa: -1
vpnwzjkobrhlx: -1
o: 584
tlfxgghjjb: -1
gsyuyuqctdfh: -1
s: -1
vuoczqrwjsyjijep: -1
ktcwlyiyjvs: -1
rfmwfkzeppodqwdoadn: 3517
x: -1
eaagwkenijanojg: -1
yyh: 2294
gloeslmvfodjfaqr: -1
dfdjcgyroccbuyou: -1
iffnaqxhdvwsteryrtcr: 1378
ovsk: -1
ypsmnzrh: 649
vrioyrprqaji: -1
hzgletgzrgknnodwjlf: -1
kbscleorvdrdxaiosrhg: -1
uzcudjfpqv: -1
hmpoekkjwqv: -1
zebgsmjccxzalrvw: -1
vzzokebh: -1
haawgwxudeqlrobeje: -1
pqkedfrzyeebod: -1
stdnoamfzrfbosesnm: 3632
lpxbdxasbclbugss: -1
