pfulv: 3818
tsmiafshaiskxcs: 1531
ftaginoayzu: 3229
azyzmpn: -1
edxoxuzyqnrohrbisqmv: -1
kdbadjjfbzsmefyo: 2222
bnj: -1
nzvegapz: -1
nkqnslvppdtjmc: -1
uih: -1
dfkeiiylah: -1
fjiszddv: -1
cqhungsbyyksrcgol: -1
hilyhiwusxz: -1
bvc: 1018
hqumdffsrxwzria: -1
lvmhfi: 3138
cvw: -1
cregny: -1
jmjvzai: 3721
sxme: -1
rokktguks: -1
rzyci: -1
xsvoldxvsmndvrhgmfd: 741
mssgrrg: 4518
aymxvdjixt: -1
zfjqlebwfjvpt: 1063
wgglnvzieqnb: -1
ghjemvovfhonxn: 1647
dfrqjydpule: 4304
njr: -1
oim: 2952
egaigmjo: -1
kqghi: -1
wvvinu: 4032
ifv: -1
tepllauldnxbzja: -1
djmwfgwpkdqdkuwlwczu: 5172
x: -1
zkcrjnl: 2513
wlwfcjjpiyczxgkci: 3690
keghqxxyktn: -1
drfr: -1
xrmwdmyqudthuayejla: -1
npnzi: -1
rqrflrfa: -1
pijiohnaklhy: 1203
caskdkxbne: 2016
msvakq: -1
bezrpponc: 875
jcfmdjahe: 127
vuhgzjwdyyhgcgek: -1
shoyjzwmdogoe: -1
vgnctv: 2827
ixbtvmxcadlaihucmpp: 516
wjmx: 2844
