aknngyzqnkzunnz: -1
ineovddjncsrafb: -1
eok: -1
qdljxki: 963
qzhzbeuu: 1651
bylbmn: -1
ixfgmdnuluoltbh: 3336
lrj: -1
eyk: -1
tdlrt: 608
bctgzxggcazvrdmemury: 3210
bpstfylcyrhu: -1
qbkrtkjvhjfuclgzx: -1
rhnwo: -1
utyiyygjhygenmmx: -1
bvc: -1
bjsahnreu: 2320
uxmwofpli: -1
xwvmly: -1
tgrpb: -1
hwpsqsalnuz: -1
dfbakiuwvxyopooxpymq: -1
ysd: 710
rbmzxjemmglzhqama: -1
nkpzximfwdq: -1
ytchrcjn: 1853
frhsjkatfsxdb: -1
vxuzfeqbpiq: 1397
gvwxnufgysua: 612
duboxqjhdzys: -1
betmjwc: -1
tjkxdrjqhypuj: -1
aeporrquyqi: 1895
ijjjsnsrpjj: 2905
jqmneepitnkbj: 5001
mzzrkdvnypluge: -1
odfyzukdybnaxqdq: -1
z: 2748
ocmwwcezzivcvnjix: -1
mqvkcvurpbjyckjtpwgr: -1
uacy: 4516
rdohffrgf: 1455
gg: 1762
ihhbhhw: -1
opxmmipsluywaxy: -1
ilbjqbnptutpcn: 2926
vhctjymcrfykenacm: 820
cwnornprxzrcile: -1
xo: 3545
xgbvcrmm: -1
smeetmofzwfaxtkopzmn: -1
rowqifogpzcplkjlm: -1
nxln: -1
rleplezwgfrfohslok: -1
exjocfdtxyjvkex: 1756
azhscdmbeugrqtrkftqp: -1
eydzdyfluabqlyghtzry: -1
dfqfgbelc: 734
bbbpbcznxzjixekz: 1525
uhdhhk: -1
vjbwdgkuresgfsamhhzo: 3969
pdtxixirnttcgt: 121
zdqueukujminsun: 1456
hvvzvcnow: 3619
xqy: -1
bwanayhisey: 3375
uxxuvsjz: 1872
ivfs: -1
timqswzzojwtnqjwml: 21
gtwh: 498
yewedbb: -1
btqnidehxsm: -1
qfuerjb: 340
rdccze: 949
piifjkbj: -1
ak: -1
wn: -1
ifnzqoiv: -1
keixnrkmdbumnyqtxce: 2273
qrs: 3580
f: 1013
b: 5121
lewpjlwmxvxwpymx: -1
lzfcibauhacwpfnsbe: -1
pwcapesidwaxrsf: 6025
feos: -1
e: -1
hjcgcqvmvuqozkqlwdh: -1
yrrbbhvvxtba: 852
vxjqzfcksc: -1
fumdpzavkpt: -1
rxxolo: 790
axgjvmgbrwo: -1
gjsotrvwoynn: -1
tvoosxgw: -1
buiszsmqiphtcmyqoqo: 1007
zrgrcaxckxtib: 5587
vzzkdncg: 2540
qtewwomrmxvfvt: 189
