licmjwggt: 8308
chzlzqlrbxsiaesajb: 3550
gqctxab: -1
thyuovaydyoyvg: -1
xkrhopijupgebggbrc: 10005
cvorrrwbgv: 7112
vextfzcyyyavtjbsahiq: 2262
hdsqluy: 1782
mecfq: -1
tdhilhkqzdsamcdvgwj: 3024
uvzqijuyknratur: 5880
rghi: 5910
wwvjmlxwbeedqn: 488
yxnjitcu: 6994
kemmvdipmohjdwfkz: 1080
idnggkelzintimyxgwj: -1
lx: 6144
xdorp: 1224
tvsqhexpqpldshp: 5065
fimt: 9381
gemdxnoludbb: -1
pjlmzoqt: -1
swoxt: 6830
pibqcakqoupxir: 3059
sofykvfnkcdfzmmw: 1892
fezomxnmynyxvfdvpl: 6862
dka: 5407
om: 7153
wmllouwijojbxq: 7482
zip: 3627
uo: 1850
cxwwfmsg: 2860
dvnwaczxoupp: 2641
majudwpriszlqvoi: 6689
lcronlobzyumxqrj: 773
r: 1435
pbtfxjwkzzgsw: 1974
rrdgtuzchglhz: -1
dhbn: 10298
nxmpwzwgefdvmpq: -1
wobsstg: 6526
eulnqaje: 4205
skbyhcbsfrhsbuatiz: 5913
